<?xml version="1.0" encoding="UTF-8" ?>
<testsuite failures="0" time="0.06" errors="0" skipped="0" tests="6" name="com.baidu.ssp.FrameTest">
  <properties>
    <property name="idea.version" value="14.0.3"/>
    <property name="java.runtime.name" value="Java(TM) SE Runtime Environment"/>
    <property name="sun.boot.library.path" value="D:\DEVTOOL\JAVA\jdk1.6\jre\bin"/>
    <property name="java.vm.version" value="20.5-b03"/>
    <property name="java.vm.vendor" value="Sun Microsystems Inc."/>
    <property name="java.vendor.url" value="http://java.sun.com/"/>
    <property name="path.separator" value=";"/>
    <property name="guice.disable.misplaced.annotation.check" value="true"/>
    <property name="java.vm.name" value="Java HotSpot(TM) Client VM"/>
    <property name="file.encoding.pkg" value="sun.io"/>
    <property name="idea.launcher.port" value="7533"/>
    <property name="user.country" value="CN"/>
    <property name="sun.java.launcher" value="SUN_STANDARD"/>
    <property name="sun.os.patch.level" value=""/>
    <property name="java.vm.specification.name" value="Java Virtual Machine Specification"/>
    <property name="user.dir" value="D:\file\Dropbox\commons\data-frame"/>
    <property name="java.runtime.version" value="1.6.0_30-b12"/>
    <property name="java.awt.graphicsenv" value="sun.awt.Win32GraphicsEnvironment"/>
    <property name="java.endorsed.dirs" value="D:\DEVTOOL\JAVA\jdk1.6\jre\lib\endorsed"/>
    <property name="os.arch" value="x86"/>
    <property name="java.io.tmpdir" value="C:\Users\nnnn\AppData\Local\Temp\"/>
    <property name="line.separator" value="
"/>
    <property name="java.vm.specification.vendor" value="Sun Microsystems Inc."/>
    <property name="user.variant" value=""/>
    <property name="os.name" value="Windows 7"/>
    <property name="classworlds.conf" value="D:\DEVTOOL\apache-maven-3.0.4\bin\m2.conf"/>
    <property name="sun.jnu.encoding" value="GBK"/>
    <property name="java.library.path" value="D:\DEVTOOL\JAVA\jdk1.6\bin;C:\Windows\Sun\Java\bin;C:\Windows\system32;C:\Windows;D:\Program Files\VStart6;D:\Program Files\VStart6;D:\DEVTOOL\Python33;C:\Program Files (x86)\Intel\iCLS Client\;C:\Program Files\Intel\iCLS Client\;C:\Windows\system32;C:\Windows;C:\Windows\System32\Wbem;C:\Windows\System32\WindowsPowerShell\v1.0\;C:\Program Files\Intel\Intel(R) Management Engine Components\DAL;C:\Program Files\Intel\Intel(R) Management Engine Components\IPT;C:\Program Files (x86)\Intel\Intel(R) Management Engine Components\DAL;C:\Program Files (x86)\Intel\Intel(R) Management Engine Components\IPT;C:\Program Files (x86)\Intel\OpenCL SDK\2.0\bin\x86;C:\Program Files (x86)\Intel\OpenCL SDK\2.0\bin\x64;C:\Program Files\ThinkPad\Bluetooth Software\;C:\Program Files\ThinkPad\Bluetooth Software\syswow64;D:\DEVTOOL\.lein\bin;D:\DEVTOOL\JAVA\jdk\bin;D:\Program Files\TortoiseSVN\bin;D:\DEVTOOL\MinGW\bin;C:\Program Files (x86)\Windows Kits\8.0\Windows Performance Toolkit\;C:\Program Files\Microsoft SQL Server\110\Tools\Binn\;C:\Program Files\nodejs\;D:\Program Files\calibre\;D:\DEVTOOL\Microsoft Network Monitor\;D:\DEVTOOL\mysql-5.6.19-winx64\bin;D:\Program Files\Git\cmd;C:\Program Files (x86)\Gow\bin;D:\DEVTOOL\Ruby200-x64\bin;D:\DEVTOOL\UE\;C:\Users\nnnn\AppData\Roaming\npm;D:\DEVTOOL\apache-maven-3.0.4\bin;D:\work\docker\install;D:\DEVTOOL\Python33\Scripts;C:\Program Files (x86)\Gow\bin;."/>
    <property name="java.specification.name" value="Java Platform API Specification"/>
    <property name="java.class.version" value="50.0"/>
    <property name="sun.management.compiler" value="HotSpot Client Compiler"/>
    <property name="os.version" value="6.1"/>
    <property name="user.home" value="C:\Users\nnnn"/>
    <property name="user.timezone" value="Asia/Shanghai"/>
    <property name="java.awt.printerjob" value="sun.awt.windows.WPrinterJob"/>
    <property name="java.specification.version" value="1.6"/>
    <property name="file.encoding" value="UTF-8"/>
    <property name="idea.launcher.bin.path" value="D:\DEVTOOL\IntelliJ IDEA 14.0.3\bin"/>
    <property name="user.name" value="mojie"/>
    <property name="java.class.path" value="D:\DEVTOOL\apache-maven-3.0.4\boot\plexus-classworlds-2.4.jar;D:\DEVTOOL\IntelliJ IDEA 14.0.3\lib\idea_rt.jar"/>
    <property name="java.vm.specification.version" value="1.0"/>
    <property name="sun.arch.data.model" value="32"/>
    <property name="java.home" value="D:\DEVTOOL\JAVA\jdk1.6\jre"/>
    <property name="sun.java.command" value="com.intellij.rt.execution.application.AppMain org.codehaus.classworlds.Launcher -Didea.version=14.0.3 install"/>
    <property name="java.specification.vendor" value="Sun Microsystems Inc."/>
    <property name="user.language" value="zh"/>
    <property name="awt.toolkit" value="sun.awt.windows.WToolkit"/>
    <property name="java.vm.info" value="mixed mode, sharing"/>
    <property name="java.version" value="1.6.0_30"/>
    <property name="java.ext.dirs" value="D:\DEVTOOL\JAVA\jdk1.6\jre\lib\ext;C:\Windows\Sun\Java\lib\ext"/>
    <property name="sun.boot.class.path" value="D:\DEVTOOL\JAVA\jdk1.6\jre\lib\resources.jar;D:\DEVTOOL\JAVA\jdk1.6\jre\lib\rt.jar;D:\DEVTOOL\JAVA\jdk1.6\jre\lib\sunrsasign.jar;D:\DEVTOOL\JAVA\jdk1.6\jre\lib\jsse.jar;D:\DEVTOOL\JAVA\jdk1.6\jre\lib\jce.jar;D:\DEVTOOL\JAVA\jdk1.6\jre\lib\charsets.jar;D:\DEVTOOL\JAVA\jdk1.6\jre\lib\modules\jdk.boot.jar;D:\DEVTOOL\JAVA\jdk1.6\jre\classes"/>
    <property name="java.vendor" value="Sun Microsystems Inc."/>
    <property name="maven.home" value="D:\DEVTOOL\apache-maven-3.0.4"/>
    <property name="file.separator" value="\"/>
    <property name="java.vendor.url.bug" value="http://java.sun.com/cgi-bin/bugreport.cgi"/>
    <property name="sun.cpu.endian" value="little"/>
    <property name="sun.io.unicode.encoding" value="UnicodeLittle"/>
    <property name="sun.desktop" value="windows"/>
    <property name="sun.cpu.isalist" value="pentium_pro+mmx pentium_pro pentium+mmx pentium i486 i386 i86"/>
  </properties>
  <testcase time="0.028" classname="com.baidu.ssp.FrameTest" name="testUnion"/>
  <testcase time="0.015" classname="com.baidu.ssp.FrameTest" name="testJoin"/>
  <testcase time="0.008" classname="com.baidu.ssp.FrameTest" name="testSort"/>
  <testcase time="0.002" classname="com.baidu.ssp.FrameTest" name="testCompute"/>
  <testcase time="0.005" classname="com.baidu.ssp.FrameTest" name="testAggregate"/>
  <testcase time="0.002" classname="com.baidu.ssp.FrameTest" name="testFilter"/>
</testsuite>